G75*
%MOIN*%
%OFA0B0*%
%FSLAX24Y24*%
%IPPOS*%
%LPD*%
%AMOC8*
5,1,8,0,0,1.08239X$1,22.5*
%
%ADD10C,0.0160*%
%ADD11C,0.0000*%
D10*
X000180Y000180D02*
X000180Y013377D01*
X010180Y013377D01*
X010180Y000180D01*
X000180Y000180D01*
D11*
X002247Y004314D02*
X002249Y004340D01*
X002255Y004366D01*
X002265Y004391D01*
X002278Y004414D01*
X002294Y004434D01*
X002314Y004452D01*
X002336Y004467D01*
X002359Y004479D01*
X002385Y004487D01*
X002411Y004491D01*
X002437Y004491D01*
X002463Y004487D01*
X002489Y004479D01*
X002513Y004467D01*
X002534Y004452D01*
X002554Y004434D01*
X002570Y004414D01*
X002583Y004391D01*
X002593Y004366D01*
X002599Y004340D01*
X002601Y004314D01*
X002599Y004288D01*
X002593Y004262D01*
X002583Y004237D01*
X002570Y004214D01*
X002554Y004194D01*
X002534Y004176D01*
X002512Y004161D01*
X002489Y004149D01*
X002463Y004141D01*
X002437Y004137D01*
X002411Y004137D01*
X002385Y004141D01*
X002359Y004149D01*
X002335Y004161D01*
X002314Y004176D01*
X002294Y004194D01*
X002278Y004214D01*
X002265Y004237D01*
X002255Y004262D01*
X002249Y004288D01*
X002247Y004314D01*
X003664Y004314D02*
X003666Y004340D01*
X003672Y004366D01*
X003682Y004391D01*
X003695Y004414D01*
X003711Y004434D01*
X003731Y004452D01*
X003753Y004467D01*
X003776Y004479D01*
X003802Y004487D01*
X003828Y004491D01*
X003854Y004491D01*
X003880Y004487D01*
X003906Y004479D01*
X003930Y004467D01*
X003951Y004452D01*
X003971Y004434D01*
X003987Y004414D01*
X004000Y004391D01*
X004010Y004366D01*
X004016Y004340D01*
X004018Y004314D01*
X004016Y004288D01*
X004010Y004262D01*
X004000Y004237D01*
X003987Y004214D01*
X003971Y004194D01*
X003951Y004176D01*
X003929Y004161D01*
X003906Y004149D01*
X003880Y004141D01*
X003854Y004137D01*
X003828Y004137D01*
X003802Y004141D01*
X003776Y004149D01*
X003752Y004161D01*
X003731Y004176D01*
X003711Y004194D01*
X003695Y004214D01*
X003682Y004237D01*
X003672Y004262D01*
X003666Y004288D01*
X003664Y004314D01*
X006775Y004314D02*
X006777Y004340D01*
X006783Y004366D01*
X006793Y004391D01*
X006806Y004414D01*
X006822Y004434D01*
X006842Y004452D01*
X006864Y004467D01*
X006887Y004479D01*
X006913Y004487D01*
X006939Y004491D01*
X006965Y004491D01*
X006991Y004487D01*
X007017Y004479D01*
X007041Y004467D01*
X007062Y004452D01*
X007082Y004434D01*
X007098Y004414D01*
X007111Y004391D01*
X007121Y004366D01*
X007127Y004340D01*
X007129Y004314D01*
X007127Y004288D01*
X007121Y004262D01*
X007111Y004237D01*
X007098Y004214D01*
X007082Y004194D01*
X007062Y004176D01*
X007040Y004161D01*
X007017Y004149D01*
X006991Y004141D01*
X006965Y004137D01*
X006939Y004137D01*
X006913Y004141D01*
X006887Y004149D01*
X006863Y004161D01*
X006842Y004176D01*
X006822Y004194D01*
X006806Y004214D01*
X006793Y004237D01*
X006783Y004262D01*
X006777Y004288D01*
X006775Y004314D01*
X008192Y004314D02*
X008194Y004340D01*
X008200Y004366D01*
X008210Y004391D01*
X008223Y004414D01*
X008239Y004434D01*
X008259Y004452D01*
X008281Y004467D01*
X008304Y004479D01*
X008330Y004487D01*
X008356Y004491D01*
X008382Y004491D01*
X008408Y004487D01*
X008434Y004479D01*
X008458Y004467D01*
X008479Y004452D01*
X008499Y004434D01*
X008515Y004414D01*
X008528Y004391D01*
X008538Y004366D01*
X008544Y004340D01*
X008546Y004314D01*
X008544Y004288D01*
X008538Y004262D01*
X008528Y004237D01*
X008515Y004214D01*
X008499Y004194D01*
X008479Y004176D01*
X008457Y004161D01*
X008434Y004149D01*
X008408Y004141D01*
X008382Y004137D01*
X008356Y004137D01*
X008330Y004141D01*
X008304Y004149D01*
X008280Y004161D01*
X008259Y004176D01*
X008239Y004194D01*
X008223Y004214D01*
X008210Y004237D01*
X008200Y004262D01*
X008194Y004288D01*
X008192Y004314D01*
M02*
